# JRE version: Java(TM) SE Runtime Environment (19.0.1+10) (build 19.0.1+10-21)
# Java VM: Java HotSpot(TM) 64-Bit Server VM (19.0.1+10-21, mixed mode, sharing, tiered, compressed oops, compressed class ptrs, g1 gc, windows-amd64)
GC Precious Log:
 CardTable entry size: 512
 Card Set container configuration: InlinePtr #cards 4 size 8 Array Of Cards #cards 16 size 48 Howl #buckets 8 coarsen threshold 3686 Howl Bitmap #cards 512 size 80 coarsen threshold 460 Card regions per heap region 1 cards per card region 4096
 CPUs: 8 total, 8 available
 Memory: 16149M
 Large Page Support: Disabled
 NUMA Support: Disabled
 Compressed Oops: Enabled (Zero based)
 Heap Region Size: 2M
 Heap Min Capacity: 8M
 Heap Initial Capacity: 254M
 Heap Max Capacity: 4038M
 Pre-touch: Disabled
 Parallel Workers: 8
 Concurrent Workers: 2
 Concurrent Refinement Workers: 8
 Periodic GC: Disabled
Heap:
 garbage-first heap   total 376832K, used 213504K [0x0000000703a00000, 0x0000000800000000)
  region size 2048K, 106 young (217088K), 4 survivors (8192K)
 Metaspace       used 13007K, committed 13248K, reserved 1114112K
  class space    used 906K, committed 1024K, reserved 1048576K
GC Heap History (20 events):
Event: 2.226 GC heap before
{Heap before GC invocations=4 (full 0):
 garbage-first heap   total 260096K, used 154224K [0x0000000703a00000, 0x0000000800000000)
  region size 2048K, 76 young (155648K), 4 survivors (8192K)
 Metaspace       used 12826K, committed 13056K, reserved 1114112K
  class space    used 901K, committed 1024K, reserved 1048576K
}
Event: 2.229 GC heap after
{Heap after GC invocations=5 (full 0):
 garbage-first heap   total 260096K, used 6632K [0x0000000703a00000, 0x0000000800000000)
  region size 2048K, 4 young (8192K), 4 survivors (8192K)
 Metaspace       used 12826K, committed 13056K, reserved 1114112K
  class space    used 901K, committed 1024K, reserved 1048576K
}
Event: 2.378 GC heap before
{Heap before GC invocations=5 (full 0):
 garbage-first heap   total 260096K, used 154088K [0x0000000703a00000, 0x0000000800000000)
  region size 2048K, 76 young (155648K), 4 survivors (8192K)
 Metaspace       used 12845K, committed 13120K, reserved 1114112K
  class space    used 902K, committed 1024K, reserved 1048576K
}
Event: 2.382 GC heap after
{Heap after GC invocations=6 (full 0):
 garbage-first heap   total 260096K, used 6474K [0x0000000703a00000, 0x0000000800000000)
  region size 2048K, 4 young (8192K), 4 survivors (8192K)
 Metaspace       used 12845K, committed 13120K, reserved 1114112K
  class space    used 902K, committed 1024K, reserved 1048576K
}
Event: 2.542 GC heap before
{Heap before GC invocations=6 (full 0):
 garbage-first heap   total 260096K, used 153930K [0x0000000703a00000, 0x0000000800000000)
  region size 2048K, 76 young (155648K), 4 survivors (8192K)
 Metaspace       used 12849K, committed 13120K, reserved 1114112K
  class space    used 902K, committed 1024K, reserved 1048576K
}
Event: 2.545 GC heap after
{Heap after GC invocations=7 (full 0):
 garbage-first heap   total 313344K, used 6976K [0x0000000703a00000, 0x0000000800000000)
  region size 2048K, 4 young (8192K), 4 survivors (8192K)
 Metaspace       used 12849K, committed 13120K, reserved 1114112K
  class space    used 902K, committed 1024K, reserved 1048576K
}
Event: 2.739 GC heap before
{Heap before GC invocations=7 (full 0):
 garbage-first heap   total 313344K, used 185152K [0x0000000703a00000, 0x0000000800000000)
  region size 2048K, 91 young (186368K), 4 survivors (8192K)
 Metaspace       used 12871K, committed 13120K, reserved 1114112K
  class space    used 902K, committed 1024K, reserved 1048576K
}
Event: 2.742 GC heap after
{Heap after GC invocations=8 (full 0):
 garbage-first heap   total 313344K, used 6717K [0x0000000703a00000, 0x0000000800000000)
  region size 2048K, 4 young (8192K), 4 survivors (8192K)
 Metaspace       used 12871K, committed 13120K, reserved 1114112K
  class space    used 902K, committed 1024K, reserved 1048576K
}
Event: 2.926 GC heap before
{Heap before GC invocations=8 (full 0):
 garbage-first heap   total 313344K, used 184893K [0x0000000703a00000, 0x0000000800000000)
  region size 2048K, 91 young (186368K), 4 survivors (8192K)
 Metaspace       used 12875K, committed 13120K, reserved 1114112K
  class space    used 902K, committed 1024K, reserved 1048576K
}
Event: 2.930 GC heap after
{Heap after GC invocations=9 (full 0):
 garbage-first heap   total 313344K, used 6724K [0x0000000703a00000, 0x0000000800000000)
  region size 2048K, 4 young (8192K), 4 survivors (8192K)
 Metaspace       used 12875K, committed 13120K, reserved 1114112K
  class space    used 902K, committed 1024K, reserved 1048576K
}
Event: 3.123 GC heap before
{Heap before GC invocations=9 (full 0):
 garbage-first heap   total 313344K, used 184900K [0x0000000703a00000, 0x0000000800000000)
  region size 2048K, 91 young (186368K), 4 survivors (8192K)
 Metaspace       used 12886K, committed 13120K, reserved 1114112K
  class space    used 902K, committed 1024K, reserved 1048576K
}
Event: 3.127 GC heap after
{Heap after GC invocations=10 (full 0):
 garbage-first heap   total 313344K, used 6729K [0x0000000703a00000, 0x0000000800000000)
  region size 2048K, 4 young (8192K), 4 survivors (8192K)
 Metaspace       used 12886K, committed 13120K, reserved 1114112K
  class space    used 902K, committed 1024K, reserved 1048576K
}
Event: 3.311 GC heap before
{Heap before GC invocations=10 (full 0):
 garbage-first heap   total 313344K, used 184905K [0x0000000703a00000, 0x0000000800000000)
  region size 2048K, 91 young (186368K), 4 survivors (8192K)
 Metaspace       used 12920K, committed 13184K, reserved 1114112K
  class space    used 902K, committed 1024K, reserved 1048576K
}
Event: 3.314 GC heap after
{Heap after GC invocations=11 (full 0):
 garbage-first heap   total 376832K, used 6874K [0x0000000703a00000, 0x0000000800000000)
  region size 2048K, 4 young (8192K), 4 survivors (8192K)
 Metaspace       used 12920K, committed 13184K, reserved 1114112K
  class space    used 902K, committed 1024K, reserved 1048576K
}
Event: 3.544 GC heap before
{Heap before GC invocations=11 (full 0):
 garbage-first heap   total 376832K, used 223962K [0x0000000703a00000, 0x0000000800000000)
  region size 2048K, 110 young (225280K), 4 survivors (8192K)
 Metaspace       used 12929K, committed 13184K, reserved 1114112K
  class space    used 902K, committed 1024K, reserved 1048576K
}
Event: 3.547 GC heap after
{Heap after GC invocations=12 (full 0):
 garbage-first heap   total 376832K, used 6792K [0x0000000703a00000, 0x0000000800000000)
  region size 2048K, 4 young (8192K), 4 survivors (8192K)
 Metaspace       used 12929K, committed 13184K, reserved 1114112K
  class space    used 902K, committed 1024K, reserved 1048576K
}
Event: 3.778 GC heap before
{Heap before GC invocations=12 (full 0):
 garbage-first heap   total 376832K, used 223880K [0x0000000703a00000, 0x0000000800000000)
  region size 2048K, 110 young (225280K), 4 survivors (8192K)
 Metaspace       used 12940K, committed 13184K, reserved 1114112K
  class space    used 902K, committed 1024K, reserved 1048576K
}
Event: 3.781 GC heap after
{Heap after GC invocations=13 (full 0):
 garbage-first heap   total 376832K, used 6786K [0x0000000703a00000, 0x0000000800000000)
  region size 2048K, 4 young (8192K), 4 survivors (8192K)
 Metaspace       used 12940K, committed 13184K, reserved 1114112K
  class space    used 902K, committed 1024K, reserved 1048576K
}
Event: 4.013 GC heap before
{Heap before GC invocations=13 (full 0):
 garbage-first heap   total 376832K, used 223874K [0x0000000703a00000, 0x0000000800000000)
  region size 2048K, 110 young (225280K), 4 survivors (8192K)
 Metaspace       used 12965K, committed 13184K, reserved 1114112K
  class space    used 902K, committed 1024K, reserved 1048576K
}
Event: 4.016 GC heap after
{Heap after GC invocations=14 (full 0):
 garbage-first heap   total 376832K, used 6656K [0x0000000703a00000, 0x0000000800000000)
  region size 2048K, 4 young (8192K), 4 survivors (8192K)
 Metaspace       used 12965K, committed 13184K, reserved 1114112K
  class space    used 902K, committed 1024K, reserved 1048576K
}

